生成启动时间为 2018/3/28 13:51:29。
     1>项目“G:\大三下\计算机图形学\平时作业\hw3\HW3\HW3\HW3.vcxproj”在节点 2 上(Build 个目标)。
     1>ClCompile:
         D:\VS2015\VC\bin\CL.exe /c /Zi /nologo /W3 /WX- /sdl /O2 /Oi /Oy- /GL /D _MBCS /Gm- /EHsc /MD /GS /Gy /fp:precise /Zc:wchar_t /Zc:forScope /Zc:inline /Fo"Release\\" /Fd"Release\vc140.pdb" /Gd /TP /analyze- /errorReport:prompt test_glu.cpp
         test_glu.cpp
     1>test_glu.cpp(184): warning C4244: “初始化”: 从“double”转换到“float”，可能丢失数据
     1>test_glu.cpp(185): warning C4244: “初始化”: 从“double”转换到“float”，可能丢失数据
     1>test_glu.cpp(203): warning C4244: “初始化”: 从“double”转换到“float”，可能丢失数据
     1>test_glu.cpp(287): warning C4244: “初始化”: 从“double”转换到“float”，可能丢失数据
     1>test_glu.cpp(288): warning C4244: “初始化”: 从“double”转换到“float”，可能丢失数据
       Link:
         D:\VS2015\VC\bin\link.exe /ERRORREPORT:PROMPT /OUT:"G:\大三下\计算机图形学\平时作业\hw3\HW3\Release\HW3.exe" /NOLOGO glfw3.lib kernel32.lib user32.lib gdi32.lib winspool.lib comdlg32.lib advapi32.lib shell32.lib ole32.lib oleaut32.lib uuid.lib odbc32.lib odbccp32.lib /MANIFEST /MANIFESTUAC:"level='asInvoker' uiAccess='false'" /manifest:embed /Debug /PDB:"G:\大三下\计算机图形学\平时作业\hw3\HW3\Release\HW3.pdb" /OPT:REF /OPT:ICF /LTCG:incremental /TLBID:1 /DYNAMICBASE /NXCOMPAT /IMPLIB:"G:\大三下\计算机图形学\平时作业\hw3\HW3\Release\HW3.lib" /MACHINE:X86 /SAFESEH Release\glad.obj
         Release\imgui.obj
         Release\imgui_demo.obj
         Release\imgui_draw.obj
         Release\imgui_impl_glfw_gl3.obj
         Release\main.obj
         Release\test_glu.obj
     1>LINK : warning LNK4098: 默认库“MSVCRTD”与其他库的使用冲突；请使用 /NODEFAULTLIB:library
         正在生成代码
         0 of 941 functions ( 0.0%) were compiled, the rest were copied from previous compilation.
           0 functions were new in current compilation
           0 functions had inline decision re-evaluated but remain unchanged
         已完成代码的生成
         HW3.vcxproj -> G:\大三下\计算机图形学\平时作业\hw3\HW3\Release\HW3.exe
     1>已完成生成项目“G:\大三下\计算机图形学\平时作业\hw3\HW3\HW3\HW3.vcxproj”(Build 个目标)的操作。

已成功生成。

已用时间 00:00:07.71
