g:\大三下\计算机图形学\平时作业\hw2\cg_hw1\cg_hw1\debug\vc140.pdb
g:\大三下\计算机图形学\平时作业\hw2\cg_hw1\cg_hw1\debug\vc140.idb
g:\大三下\计算机图形学\平时作业\hw2\cg_hw1\cg_hw1\debug\glad.obj
g:\大三下\计算机图形学\平时作业\hw2\cg_hw1\cg_hw1\debug\imgui.obj
g:\大三下\计算机图形学\平时作业\hw2\cg_hw1\cg_hw1\debug\imgui_demo.obj
g:\大三下\计算机图形学\平时作业\hw2\cg_hw1\cg_hw1\debug\imgui_draw.obj
g:\大三下\计算机图形学\平时作业\hw2\cg_hw1\cg_hw1\debug\imgui_impl_glfw_gl3.obj
g:\大三下\计算机图形学\平时作业\hw2\cg_hw1\cg_hw1\debug\main.obj
g:\大三下\计算机图形学\平时作业\hw2\cg_hw1\cg_hw1\debug\test.obj
g:\大三下\计算机图形学\平时作业\hw2\cg_hw1\debug\cg_hw1.ilk
g:\大三下\计算机图形学\平时作业\hw2\cg_hw1\debug\cg_hw1.exe
g:\大三下\计算机图形学\平时作业\hw2\cg_hw1\debug\cg_hw1.pdb
g:\大三下\计算机图形学\平时作业\hw2\cg_hw1\cg_hw1\debug\cg_hw1.res
g:\大三下\计算机图形学\平时作业\hw2\cg_hw1\cg_hw1\debug\cg_hw1.tlog\cl.command.1.tlog
g:\大三下\计算机图形学\平时作业\hw2\cg_hw1\cg_hw1\debug\cg_hw1.tlog\cl.read.1.tlog
g:\大三下\计算机图形学\平时作业\hw2\cg_hw1\cg_hw1\debug\cg_hw1.tlog\cl.write.1.tlog
g:\大三下\计算机图形学\平时作业\hw2\cg_hw1\cg_hw1\debug\cg_hw1.tlog\link.command.1.tlog
g:\大三下\计算机图形学\平时作业\hw2\cg_hw1\cg_hw1\debug\cg_hw1.tlog\link.read.1.tlog
g:\大三下\计算机图形学\平时作业\hw2\cg_hw1\cg_hw1\debug\cg_hw1.tlog\link.write.1.tlog
g:\大三下\计算机图形学\平时作业\hw2\cg_hw1\cg_hw1\debug\cg_hw1.tlog\rc.command.1.tlog
g:\大三下\计算机图形学\平时作业\hw2\cg_hw1\cg_hw1\debug\cg_hw1.tlog\rc.read.1.tlog
g:\大三下\计算机图形学\平时作业\hw2\cg_hw1\cg_hw1\debug\cg_hw1.tlog\rc.write.1.tlog
